[INFO] Scanning for projects...
[INFO] 
[INFO] ------------------< com.shushant:hospital-management >------------------
[INFO] Building Hospital Management System 1.0.0
[INFO]   from pom.xml
[INFO] --------------------------------[ jar ]---------------------------------
[INFO] 
[INFO] --- resources:3.4.0:resources (default-resources) @ hospital-management ---
[INFO] skip non existing resourceDirectory C:\Users\91878\Desktop\hospital-management\src\main\resources
[INFO] 
[INFO] --- compiler:3.14.0:compile (default-compile) @ hospital-management ---
[INFO] Nothing to compile - all classes are up to date.
[INFO] 
[INFO] --- exec:3.6.3:java (default-cli) @ hospital-management ---
mvnw.cmd : SLF4J: 
Failed to load class "o
rg.slf4j.impl.StaticLog
gerBinder".
At line:1 char:1
+ & ".\mvnw.cmd" 
compile exec:java "-Dex
ec.mainClass=com.shusha
nt.hospi ...
+ ~~~~~~~~~~~~~~~~~~~~~
~~~~~~~~~~~~~~~~~~~~~~~
~~~~~~~~~~~~~~~~~~~~~~~
~~
    + CategoryInfo     
         : NotSpecifi  
  ed: (SLF4J: Failed   
  t...cLoggerBinder    
".:String) [], Rem    
oteException
    + FullyQualifiedEr 
   rorId : NativeComm  
  andError
 
SLF4J: Defaulting to 
no-operation (NOP) 
logger implementation
SLF4J: See http://www.s
lf4j.org/codes.html#Sta
ticLoggerBinder for 
further details.
